This is XeTeX, Version 3.141592653-2.6-0.999996 (TeX Live 2024) (preloaded format=xelatex 2024.7.7)  7 JUL 2024 12:16
entering extended mode
 restricted \write18 enabled.
 file:line:error style messages enabled.
 %&-line parsing enabled.
**/Users/yangshicheng/Documents/python/Py_DataAny_project/paper/combine.tex
(/Users/yangshicheng/Documents/python/Py_DataAny_project/paper/combine.tex
LaTeX2e <2024-06-01> patch level 2
L3 programming layer <2024-05-27>
(/usr/local/texlive/2024/texmf-dist/tex/latex/base/article.cls
Document Class: article 2024/02/08 v1.4n Standard LaTeX document class
(/usr/local/texlive/2024/texmf-dist/tex/latex/base/size10.clo
File: size10.clo 2024/02/08 v1.4n Standard LaTeX file (size option)
)
\c@part=\count190
\c@section=\count191
\c@subsection=\count192
\c@subsubsection=\count193
\c@paragraph=\count194
\c@subparagraph=\count195
\c@figure=\count196
\c@table=\count197
\abovecaptionskip=\skip49
\belowcaptionskip=\skip50
\bibindent=\dimen141
) (/usr/local/texlive/2024/texmf-dist/tex/latex/pdfpages/pdfpages.sty
Package: pdfpages 2024/05/29 v0.6a Insert pages of external PDF documents (AM)
 (/usr/local/texlive/2024/texmf-dist/tex/latex/base/ifthen.sty
Package: ifthen 2024/03/16 v1.1e Standard LaTeX ifthen package (DPC)
) (/usr/local/texlive/2024/texmf-dist/tex/latex/tools/calc.sty
Package: calc 2023/07/08 v4.3 Infix arithmetic (KKT,FJ)
\calc@Acount=\count198
\calc@Bcount=\count199
\calc@Adimen=\dimen142
\calc@Bdimen=\dimen143
\calc@Askip=\skip51
\calc@Bskip=\skip52
LaTeX Info: Redefining \setlength on input line 80.
LaTeX Info: Redefining \addtolength on input line 81.
\calc@Ccount=\count266
\calc@Cskip=\skip53
) (/usr/local/texlive/2024/texmf-dist/tex/latex/eso-pic/eso-pic.sty
Package: eso-pic 2023/05/03 v3.0c eso-pic (RN)
\ESO@tempdima=\dimen144
\ESO@tempdimb=\dimen145
 (/usr/local/texlive/2024/texmf-dist/tex/latex/graphics/keyval.sty
Package: keyval 2022/05/29 v1.15 key=value parser (DPC)
\KV@toks@=\toks17
) (/usr/local/texlive/2024/texmf-dist/tex/latex/xcolor/xcolor.sty
Package: xcolor 2023/11/15 v3.01 LaTeX color extensions (UK)
 (/usr/local/texlive/2024/texmf-dist/tex/latex/graphics-cfg/color.cfg
File: color.cfg 2016/01/02 v1.6 sample color configuration
)
Package xcolor Info: Driver file: xetex.def on input line 274.
 (/usr/local/texlive/2024/texmf-dist/tex/latex/graphics-def/xetex.def
File: xetex.def 2022/09/22 v5.0n Graphics/color driver for xetex
) (/usr/local/texlive/2024/texmf-dist/tex/latex/graphics/mathcolor.ltx)
Package xcolor Info: Model `cmy' substituted by `cmy0' on input line 1350.
Package xcolor Info: Model `RGB' extended on input line 1366.
Package xcolor Info: Model `HTML' substituted by `rgb' on input line 1368.
Package xcolor Info: Model `Hsb' substituted by `hsb' on input line 1369.
Package xcolor Info: Model `tHsb' substituted by `hsb' on input line 1370.
Package xcolor Info: Model `HSB' substituted by `hsb' on input line 1371.
Package xcolor Info: Model `Gray' substituted by `gray' on input line 1372.
Package xcolor Info: Model `wave' substituted by `hsb' on input line 1373.
)) (/usr/local/texlive/2024/texmf-dist/tex/latex/graphics/graphicx.sty
Package: graphicx 2021/09/16 v1.2d Enhanced LaTeX Graphics (DPC,SPQR)
 (/usr/local/texlive/2024/texmf-dist/tex/latex/graphics/graphics.sty
Package: graphics 2024/05/23 v1.4g Standard LaTeX Graphics (DPC,SPQR)
 (/usr/local/texlive/2024/texmf-dist/tex/latex/graphics/trig.sty
Package: trig 2023/12/02 v1.11 sin cos tan (DPC)
) (/usr/local/texlive/2024/texmf-dist/tex/latex/graphics-cfg/graphics.cfg
File: graphics.cfg 2016/06/04 v1.11 sample graphics configuration
)
Package graphics Info: Driver file: xetex.def on input line 106.
)
\Gin@req@height=\dimen146
\Gin@req@width=\dimen147
)
\AM@pagewidth=\dimen148
\AM@pageheight=\dimen149
\AM@fboxrule=\dimen150
 (/usr/local/texlive/2024/texmf-dist/tex/latex/pdfpages/ppxetex.def
File: ppxetex.def 2024/05/29 v0.6a Pdfpages driver for XeTeX (AM)
)
\pdfpages@includegraphics@status=\count267
\AM@pagebox=\box52
\AM@global@opts=\toks18
\AM@pagecnt=\count268
\AM@toc@title=\toks19
\AM@lof@heading=\toks20
\c@AM@survey=\count269
\AM@templatesizebox=\box53
) (/usr/local/texlive/2024/texmf-dist/tex/latex/l3backend/l3backend-xetex.def
File: l3backend-xetex.def 2024-05-08 L3 backend support: XeTeX
\g__graphics_track_int=\count270
\l__pdf_internal_box=\box54
\g__pdf_backend_annotation_int=\count271
\g__pdf_backend_link_int=\count272
) (./combine.aux)
\openout1 = `combine.aux'.

LaTeX Font Info:    Checking defaults for OML/cmm/m/it on input line 4.
LaTeX Font Info:    ... okay on input line 4.
LaTeX Font Info:    Checking defaults for OMS/cmsy/m/n on input line 4.
LaTeX Font Info:    ... okay on input line 4.
LaTeX Font Info:    Checking defaults for OT1/cmr/m/n on input line 4.
LaTeX Font Info:    ... okay on input line 4.
LaTeX Font Info:    Checking defaults for T1/cmr/m/n on input line 4.
LaTeX Font Info:    ... okay on input line 4.
LaTeX Font Info:    Checking defaults for TS1/cmr/m/n on input line 4.
LaTeX Font Info:    Trying to load font information for TS1+cmr on input line 4.
 (/usr/local/texlive/2024/texmf-dist/tex/latex/base/ts1cmr.fd
File: ts1cmr.fd 2023/04/13 v2.5m Standard LaTeX font definitions
)
LaTeX Font Info:    ... okay on input line 4.
LaTeX Font Info:    Checking defaults for TU/lmr/m/n on input line 4.
LaTeX Font Info:    ... okay on input line 4.
LaTeX Font Info:    Checking defaults for OMX/cmex/m/n on input line 4.
LaTeX Font Info:    ... okay on input line 4.
LaTeX Font Info:    Checking defaults for U/cmr/m/n on input line 4.
LaTeX Font Info:    ... okay on input line 4.
 (/usr/local/texlive/2024/texmf-dist/tex/latex/pdflscape/pdflscape.sty
Package: pdflscape 2022-10-27 v0.13 Display of landscape pages in PDF
 (/usr/local/texlive/2024/texmf-dist/tex/latex/pdflscape/pdflscape-nometadata.sty
Package: pdflscape-nometadata 2022-10-28 v0.13 Display of landscape pages in PDF (HO)
 (/usr/local/texlive/2024/texmf-dist/tex/generic/iftex/iftex.sty
Package: iftex 2022/02/03 v1.0f TeX engine tests
) (/usr/local/texlive/2024/texmf-dist/tex/latex/graphics/lscape.sty
Package: lscape 2020/05/28 v3.02 Landscape Pages (DPC)
)
Package pdflscape Info: Auto-detected driver: dvipdfm (xetex) on input line 98.
))
File: 实践作品、论文最新模板.pdf Graphic file (type pdf)
<use 实践作品、论文最新模板.pdf>
File: 实践作品、论文最新模板.pdf Graphic file (type pdf)
<use 实践作品、论文最新模板.pdf>
File: 实践作品、论文最新模板.pdf Graphic file (type pdf)
<use 实践作品、论文最新模板.pdf, page 1>
File: 实践作品、论文最新模板.pdf Graphic file (type pdf)
<use 实践作品、论文最新模板.pdf, page 1>
File: 实践作品、论文最新模板.pdf Graphic file (type pdf)
<use 实践作品、论文最新模板.pdf, page 1>
File: 实践作品、论文最新模板.pdf Graphic file (type pdf)
<use 实践作品、论文最新模板.pdf, page 1>


File: 实践作品、论文最新模板.pdf Graphic file (type pdf)
<use 实践作品、论文最新模板.pdf, page 1>
[1


]
File: 实践作品、论文最新模板.pdf Graphic file (type pdf)
<use 实践作品、论文最新模板.pdf, page 2>
File: 实践作品、论文最新模板.pdf Graphic file (type pdf)
<use 实践作品、论文最新模板.pdf, page 2>


File: 实践作品、论文最新模板.pdf Graphic file (type pdf)
<use 实践作品、论文最新模板.pdf, page 2>
[2

]
File: paper.pdf Graphic file (type pdf)
<use paper.pdf>
File: paper.pdf Graphic file (type pdf)
<use paper.pdf>
File: paper.pdf Graphic file (type pdf)
<use paper.pdf, page 1>
File: paper.pdf Graphic file (type pdf)
<use paper.pdf, page 1>
File: paper.pdf Graphic file (type pdf)
<use paper.pdf, page 1>
File: paper.pdf Graphic file (type pdf)
<use paper.pdf, page 1>


File: paper.pdf Graphic file (type pdf)
<use paper.pdf, page 1>
[3

]
File: paper.pdf Graphic file (type pdf)
<use paper.pdf, page 2>
File: paper.pdf Graphic file (type pdf)
<use paper.pdf, page 2>


File: paper.pdf Graphic file (type pdf)
<use paper.pdf, page 2>
[4

]
File: paper.pdf Graphic file (type pdf)
<use paper.pdf, page 3>
File: paper.pdf Graphic file (type pdf)
<use paper.pdf, page 3>


File: paper.pdf Graphic file (type pdf)
<use paper.pdf, page 3>
[5

]
File: paper.pdf Graphic file (type pdf)
<use paper.pdf, page 4>
File: paper.pdf Graphic file (type pdf)
<use paper.pdf, page 4>


File: paper.pdf Graphic file (type pdf)
<use paper.pdf, page 4>
[6

]
File: paper.pdf Graphic file (type pdf)
<use paper.pdf, page 5>
File: paper.pdf Graphic file (type pdf)
<use paper.pdf, page 5>


File: paper.pdf Graphic file (type pdf)
<use paper.pdf, page 5>
[7

]
File: paper.pdf Graphic file (type pdf)
<use paper.pdf, page 6>
File: paper.pdf Graphic file (type pdf)
<use paper.pdf, page 6>


File: paper.pdf Graphic file (type pdf)
<use paper.pdf, page 6>
[8

]
File: paper.pdf Graphic file (type pdf)
<use paper.pdf, page 7>
File: paper.pdf Graphic file (type pdf)
<use paper.pdf, page 7>


File: paper.pdf Graphic file (type pdf)
<use paper.pdf, page 7>
[9

]
File: paper.pdf Graphic file (type pdf)
<use paper.pdf, page 8>
File: paper.pdf Graphic file (type pdf)
<use paper.pdf, page 8>


File: paper.pdf Graphic file (type pdf)
<use paper.pdf, page 8>
[10

]
File: paper.pdf Graphic file (type pdf)
<use paper.pdf, page 9>
File: paper.pdf Graphic file (type pdf)
<use paper.pdf, page 9>


File: paper.pdf Graphic file (type pdf)
<use paper.pdf, page 9>
[11

]
File: paper.pdf Graphic file (type pdf)
<use paper.pdf, page 10>
File: paper.pdf Graphic file (type pdf)
<use paper.pdf, page 10>


File: paper.pdf Graphic file (type pdf)
<use paper.pdf, page 10>
[12

]
File: paper.pdf Graphic file (type pdf)
<use paper.pdf, page 11>
File: paper.pdf Graphic file (type pdf)
<use paper.pdf, page 11>


File: paper.pdf Graphic file (type pdf)
<use paper.pdf, page 11>
[13

]
File: paper.pdf Graphic file (type pdf)
<use paper.pdf, page 12>
File: paper.pdf Graphic file (type pdf)
<use paper.pdf, page 12>


File: paper.pdf Graphic file (type pdf)
<use paper.pdf, page 12>
[14

]
File: paper.pdf Graphic file (type pdf)
<use paper.pdf, page 13>
File: paper.pdf Graphic file (type pdf)
<use paper.pdf, page 13>


File: paper.pdf Graphic file (type pdf)
<use paper.pdf, page 13>
[15

]
File: paper.pdf Graphic file (type pdf)
<use paper.pdf, page 14>
File: paper.pdf Graphic file (type pdf)
<use paper.pdf, page 14>


File: paper.pdf Graphic file (type pdf)
<use paper.pdf, page 14>
[16

]
File: paper.pdf Graphic file (type pdf)
<use paper.pdf, page 15>
File: paper.pdf Graphic file (type pdf)
<use paper.pdf, page 15>


File: paper.pdf Graphic file (type pdf)
<use paper.pdf, page 15>
[17

]
File: paper.pdf Graphic file (type pdf)
<use paper.pdf, page 16>
File: paper.pdf Graphic file (type pdf)
<use paper.pdf, page 16>


File: paper.pdf Graphic file (type pdf)
<use paper.pdf, page 16>
[18

]
File: paper.pdf Graphic file (type pdf)
<use paper.pdf, page 17>
File: paper.pdf Graphic file (type pdf)
<use paper.pdf, page 17>


File: paper.pdf Graphic file (type pdf)
<use paper.pdf, page 17>
[19

]
File: paper.pdf Graphic file (type pdf)
<use paper.pdf, page 18>
File: paper.pdf Graphic file (type pdf)
<use paper.pdf, page 18>


File: paper.pdf Graphic file (type pdf)
<use paper.pdf, page 18>
[20

] (./combine.aux)
 ***********
LaTeX2e <2024-06-01> patch level 2
L3 programming layer <2024-05-27>
 ***********
 ) 
Here is how much of TeX's memory you used:
 2394 strings out of 474240
 40832 string characters out of 5742354
 1919557 words of memory out of 5000000
 25091 multiletter control sequences out of 15000+600000
 558077 words of font info for 37 fonts, out of 8000000 for 9000
 1348 hyphenation exceptions out of 8191
 72i,17n,79p,286b,424s stack positions out of 10000i,1000n,20000p,200000b,200000s

Output written on combine.xdv (20 pages, 10696 bytes).
