\BOOKMARK [1][-]{section.1}{\376\377\137\025\212\000}{}% 1
\BOOKMARK [2][-]{subsection.1.1}{\376\377\200\314\146\157\116\313\176\315}{section.1}% 2
\BOOKMARK [2][-]{subsection.1.2}{\376\377\170\024\172\166\166\356\166\204}{section.1}% 3
\BOOKMARK [2][-]{subsection.1.3}{\376\377\145\160\143\156\147\145\156\220\116\016\145\271\154\325\151\202\217\360}{section.1}% 4
\BOOKMARK [2][-]{subsection.1.4}{\376\377\170\024\172\166\141\017\116\111}{section.1}% 5
\BOOKMARK [1][-]{section.2}{\376\377\230\230\166\356\0001\000:\145\160\143\156\173\133\147\345}{}% 6
\BOOKMARK [2][-]{subsection.2.1}{\376\377\145\160\143\156\116\013\217\175\116\016\213\373\123\326}{section.2}% 7
\BOOKMARK [2][-]{subsection.2.2}{\376\377\122\035\153\145\145\160\143\156\150\300\147\345}{section.2}% 8
\BOOKMARK [2][-]{subsection.2.3}{\376\377\145\160\143\156\156\005\155\027}{section.2}% 9
\BOOKMARK [2][-]{subsection.2.4}{\376\377\145\160\143\156\217\154\143\142\116\016\217\223\121\372}{section.2}% 10
\BOOKMARK [2][-]{subsection.2.5}{\376\377\140\073\176\323}{section.2}% 11
\BOOKMARK [1][-]{section.3}{\376\377\230\230\166\356\0002\000:\145\160\143\156\122\006\147\220\213\346\176\306\217\307\172\013\123\312\140\073\176\323\141\017\211\301}{}% 12
\BOOKMARK [2][-]{subsection.3.1}{\376\377\145\160\143\156\122\006\147\220\217\307\172\013\140\073\176\323}{section.3}% 13
\BOOKMARK [2][-]{subsection.3.2}{\376\377\140\073\176\323\116\016\141\017\211\301}{section.3}% 14
\BOOKMARK [1][-]{section.4}{\376\377\230\230\166\356\0003\000:\123\357\211\306\123\026}{}% 15
\BOOKMARK [2][-]{subsection.4.1}{\376\377\121\372\165\037\153\173\116\241\116\272\145\160\126\376\210\150\176\330\122\066}{section.4}% 16
\BOOKMARK [2][-]{subsection.4.2}{\376\377\122\115\123\101\116\052\121\372\165\037\116\272\145\160\124\214\153\173\116\241\116\272\145\160\147\000\131\032\166\204\126\375\133\266\126\376\210\150\176\330\122\066}{section.4}% 17
\BOOKMARK [2][-]{subsection.4.3}{\376\377\121\150\164\003\153\317\136\164\145\260\130\236\121\372\165\037\116\272\145\160\124\214\145\260\130\236\153\173\116\241\116\272\145\160\166\204\142\230\176\277\126\376\176\330\122\066}{section.4}% 18
\BOOKMARK [2][-]{subsection.4.4}{\376\377\116\015\124\014\126\375\133\266\121\372\165\037\163\207\124\214\153\173\116\241\163\207\166\204\133\371\153\324\126\376\176\330\122\066}{section.4}% 19
\BOOKMARK [1][-]{section.5}{\376\377\140\073\142\354\144\315\117\134}{}% 20
\BOOKMARK [1][-]{appendix.A}{\376\377\226\104\137\125\116\000\000:\116\073\116\343\170\001\000\050\121\150\220\350\144\315\117\134\166\204\145\164\124\010\000\051}{}% 21
\BOOKMARK [1][-]{appendix.B}{\376\377\226\104\137\125\116\214\000:\000o\000n\000e\000.\000p\000y\000\050\230\230\166\356\0001\166\204\145\164\124\010\000\051}{}% 22
\BOOKMARK [1][-]{appendix.C}{\376\377\226\104\137\125\116\011\000:\000t\000w\000o\0001\000.\000p\000y\000\050\230\230\166\356\0002\166\204\145\164\124\010\000\051}{}% 23
\BOOKMARK [1][-]{appendix.D}{\376\377\226\104\137\125\126\333\000:\000t\000h\000r\000e\000e\000.\000p\000y\000\050\230\230\166\356\0003\166\204\145\164\124\010\000\051}{}% 24
\BOOKMARK [1][-]{appendix.E}{\376\377\226\104\137\125\116\224\000:\173\054\116\214\230\230\217\223\121\372\145\207\116\366}{}% 25
\BOOKMARK [1][-]{appendix.F}{\376\377\226\104\137\125\121\155\000:\123\357\211\306\123\026\126\376\162\107}{}% 26
